Ôû▓ Next.js 16.1.6 (Turbopack)
- Environments: .env.local
- Experiments (use with caution):
  ┬À clientTraceMetadata

ÔÜá The "middleware" file convention is deprecated. Please use "proxy" instead. Learn more: https://nextjs.org/docs/messages/middleware-to-proxy
  Creating an optimized production build ...
Ô£ô Compiled successfully in 4.6s
  Running next.config.js provided runAfterProductionCompile ...
Ô£ô Completed runAfterProductionCompile in 594ms
  Running TypeScript ...
Failed to compile.

./app/(patient)/apoio/page.tsx:269:15
Type error: JSX elements cannot have multiple attributes with the same name.

  267 |               className={`p-5 md:p-6 rounded-2xl border flex gap-4 md:gap-5 items-start transition-transform hover:-translate-y-0.5 duration-200 animate-[fadeUp_0.4s_ease-out_both]`}
  268 |               style={{ animationDelay: `${0.1 + i * 0.05}s` }}
> 269 |               className={`${r.bg} ${r.border}`}
      |               ^
  270 |             >
  271 |               <div className="w-12 h-12 rounded-xl bg-[var(--bg)] border border-[var(--border)] shadow-sm shrink-0 flex items-center justify-center text-2xl leading-none">
  272 |                 {r.icon}
Next.js build worker exited with code: 1 and signal: null
