
Running 183 tests using 3 workers

  ok   3 [desktop-1440x900] › e2e\auth.spec.ts:27:7 › Auth — Public routes › patient register page renders phone field (534ms)
  ok   2 [desktop-1440x900] › e2e\auth.spec.ts:19:7 › Auth — Public routes › therapist register page renders CRP field (535ms)
  ok   1 [desktop-1440x900] › e2e\auth.spec.ts:8:7 › Auth — Public routes › login page renders with role toggle (557ms)
  ok   5 [desktop-1440x900] › e2e\auth.spec.ts:43:7 › Auth — Public routes › reset-password page renders new password form (461ms)
  ok   4 [desktop-1440x900] › e2e\auth.spec.ts:35:7 › Auth — Public routes › forgot-password page renders email action (471ms)
  ok   6 [desktop-1440x900] › e2e\auth.spec.ts:53:7 › Auth — Protected redirects › unauthenticated /dashboard redirects to /auth/login (484ms)
  -    9 [desktop-1440x900] › e2e\booking.spec.ts:20:7 › Booking — Public page › booking page loads with required elements when slug exists
  -   10 [desktop-1440x900] › e2e\booking.spec.ts:36:7 › Booking — Form validation › step indicator shows step 1 initially
  ok   8 [desktop-1440x900] › e2e\booking.spec.ts:8:7 › Booking — Public page › 404 for unknown slug (797ms)
  ok   7 [desktop-1440x900] › e2e\auth.spec.ts:58:7 › Auth — Protected redirects › unauthenticated config subroutes redirect to /auth/login (806ms)
  -   13 [desktop-1440x900] › e2e\layout.enterprise.spec.ts:41:7 › Enterprise Layout Contract › therapist dashboard routes render without clipping (optional auth)
  ok  11 [desktop-1440x900] › e2e\layout.enterprise.spec.ts:12:7 › Enterprise Layout Contract › login split layout keeps premium proportions (491ms)
  ok  12 [desktop-1440x900] › e2e\layout.enterprise.spec.ts:34:7 › Enterprise Layout Contract › public shell has no horizontal clipping (536ms)
  ok  14 [desktop-1440x900] › e2e\navigation.spec.ts:8:7 › Public Navigation › root / renders public landing (523ms)
  ok  15 [desktop-1440x900] › e2e\navigation.spec.ts:15:7 › Public Navigation › auth routes are public (642ms)
  ok  16 [desktop-1440x900] › e2e\navigation.spec.ts:30:7 › Public Navigation › pricing and secure checkout routes are public (564ms)
  ok  17 [desktop-1440x900] › e2e\navigation.spec.ts:40:7 › Public Navigation › 404 page renders for unknown routes (437ms)
  ok  18 [desktop-1440x900] › e2e\navigation.spec.ts:45:7 › Public Navigation › security headers present (418ms)
  ok  21 [desktop-1440x900] › e2e\screen-contract.spec.ts:39:9 › Screen Contract S01-S28 › S11 public route / renders without critical issues (519ms)
  ok  20 [desktop-1440x900] › e2e\screen-contract.spec.ts:39:9 › Screen Contract S01-S28 › S02 public route /booking/test-terapeuta renders without critical issues (841ms)
  ok  22 [desktop-1440x900] › e2e\screen-contract.spec.ts:39:9 › Screen Contract S01-S28 › S12 public route / renders without critical issues (515ms)
  ok  19 [desktop-1440x900] › e2e\navigation.spec.ts:54:7 › Protected Navigation › dashboard and portal routes redirect when unauthenticated (1.5s)
  ok  23 [desktop-1440x900] › e2e\screen-contract.spec.ts:39:9 › Screen Contract S01-S28 › S13 public route /pricing renders without critical issues (501ms)
  ok  24 [desktop-1440x900] › e2e\screen-contract.spec.ts:39:9 › Screen Contract S01-S28 › S14 public route /checkout/secure renders without critical issues (455ms)
  ok  26 [desktop-1440x900] › e2e\screen-contract.spec.ts:39:9 › Screen Contract S01-S28 › S16 public route /auth/register renders without critical issues (429ms)
  ok  25 [desktop-1440x900] › e2e\screen-contract.spec.ts:39:9 › Screen Contract S01-S28 › S15 public route /auth/login renders without critical issues (450ms)
  ok  27 [desktop-1440x900] › e2e\screen-contract.spec.ts:39:9 › Screen Contract S01-S28 › S17 public route /auth/register/patient renders without critical issues (380ms)
  ok  28 [desktop-1440x900] › e2e\screen-contract.spec.ts:39:9 › Screen Contract S01-S28 › S18 public route /auth/forgot-password renders without critical issues (424ms)
  ok  29 [desktop-1440x900] › e2e\screen-contract.spec.ts:39:9 › Screen Contract S01-S28 › S26 public route /booking/test-terapeuta/sucesso renders without critical issues (438ms)
  ok  30 [desktop-1440x900] › e2e\screen-contract.spec.ts:39:9 › Screen Contract S01-S28 › S28 public route /_mf00r_not_found_probe renders without critical issues (438ms)
  ok  31 [desktop-1440x900] › e2e\screen-contract.spec.ts:56:9 › Screen Contract S01-S28 › S01 protected route /dashboard redirects unauthenticated (472ms)
  ok  32 [desktop-1440x900] › e2e\screen-contract.spec.ts:56:9 › Screen Contract S01-S28 › S03 protected route /dashboard/consulta/room-stitch-check redirects unauthenticated (516ms)
  ok  33 [desktop-1440x900] › e2e\screen-contract.spec.ts:56:9 › Screen Contract S01-S28 › S04 protected route /dashboard/pacientes/11111111-1111-1111-1111-111111111111 redirects unauthenticated (445ms)
  ok  34 [desktop-1440x900] › e2e\screen-contract.spec.ts:56:9 › Screen Contract S01-S28 › S05 protected route /dashboard/ia redirects unauthenticated (449ms)
  ok  35 [desktop-1440x900] › e2e\screen-contract.spec.ts:56:9 › Screen Contract S01-S28 › S06 protected route /dashboard/financeiro redirects unauthenticated (437ms)
  ok  36 [desktop-1440x900] › e2e\screen-contract.spec.ts:56:9 › Screen Contract S01-S28 › S07 protected route /dashboard/telegram redirects unauthenticated (444ms)
  ok  37 [desktop-1440x900] › e2e\screen-contract.spec.ts:56:9 › Screen Contract S01-S28 › S08 protected route /dashboard/onboarding redirects unauthenticated (451ms)
  ok  38 [desktop-1440x900] › e2e\screen-contract.spec.ts:56:9 › Screen Contract S01-S28 › S09 protected route /dashboard/configuracoes redirects unauthenticated (447ms)
  ok  39 [desktop-1440x900] › e2e\screen-contract.spec.ts:56:9 › Screen Contract S01-S28 › S10 protected route /portal redirects unauthenticated (422ms)
  ok  40 [desktop-1440x900] › e2e\screen-contract.spec.ts:56:9 › Screen Contract S01-S28 › S19 protected route /dashboard/agenda redirects unauthenticated (452ms)
  ok  41 [desktop-1440x900] › e2e\screen-contract.spec.ts:56:9 › Screen Contract S01-S28 › S20 protected route /dashboard/pacientes redirects unauthenticated (433ms)
  ok  42 [desktop-1440x900] › e2e\screen-contract.spec.ts:56:9 › Screen Contract S01-S28 › S21 protected route /dashboard/configuracoes/perfil redirects unauthenticated (451ms)
  ok  43 [desktop-1440x900] › e2e\screen-contract.spec.ts:56:9 › Screen Contract S01-S28 › S22 protected route /dashboard/configuracoes/integracoes redirects unauthenticated (466ms)
  ok  44 [desktop-1440x900] › e2e\screen-contract.spec.ts:56:9 › Screen Contract S01-S28 › S23 protected route /portal/agendar redirects unauthenticated (465ms)
  ok  47 [desktop-1440x900] › e2e\screen-contract.spec.ts:68:7 › Screen Contract S01-S28 › S27 loading component exists in project (3ms)
  ok  45 [desktop-1440x900] › e2e\screen-contract.spec.ts:56:9 › Screen Contract S01-S28 › S24 protected route /portal/sessoes redirects unauthenticated (451ms)
  ok  46 [desktop-1440x900] › e2e\screen-contract.spec.ts:56:9 › Screen Contract S01-S28 › S25 protected route /portal/chat redirects unauthenticated (447ms)
  ok  48 [desktop-1440x900] › e2e\stitch.coverage.spec.ts:59:9 › Stitch Route Contract › S11/S12 public route / renders with micro-gates (557ms)
  ok  49 [desktop-1440x900] › e2e\stitch.coverage.spec.ts:59:9 › Stitch Route Contract › S13 public route /pricing renders with micro-gates (509ms)
  ok  50 [desktop-1440x900] › e2e\stitch.coverage.spec.ts:59:9 › Stitch Route Contract › S14 public route /checkout/secure renders with micro-gates (438ms)
  ok  52 [desktop-1440x900] › e2e\stitch.coverage.spec.ts:82:9 › Stitch Route Contract › S01 protected route /dashboard redirects unauthenticated (421ms)
  ok  53 [desktop-1440x900] › e2e\stitch.coverage.spec.ts:82:9 › Stitch Route Contract › S03 protected route /dashboard/consulta/room-stitch-check redirects unauthenticated (436ms)
  ok  51 [desktop-1440x900] › e2e\stitch.coverage.spec.ts:72:7 › Stitch Route Contract › S02 booking route responds without 5xx (878ms)
  ok  54 [desktop-1440x900] › e2e\stitch.coverage.spec.ts:82:9 › Stitch Route Contract › S04 protected route /dashboard/pacientes/11111111-1111-1111-1111-111111111111 redirects unauthenticated (479ms)
  ok  55 [desktop-1440x900] › e2e\stitch.coverage.spec.ts:82:9 › Stitch Route Contract › S05 protected route /dashboard/ia redirects unauthenticated (477ms)
  ok  56 [desktop-1440x900] › e2e\stitch.coverage.spec.ts:82:9 › Stitch Route Contract › S06 protected route /dashboard/financeiro redirects unauthenticated (440ms)
  ok  57 [desktop-1440x900] › e2e\stitch.coverage.spec.ts:82:9 › Stitch Route Contract › S07 protected route /dashboard/telegram redirects unauthenticated (434ms)
  ok  58 [desktop-1440x900] › e2e\stitch.coverage.spec.ts:82:9 › Stitch Route Contract › S08 protected route /dashboard/onboarding redirects unauthenticated (437ms)
  ok  59 [desktop-1440x900] › e2e\stitch.coverage.spec.ts:82:9 › Stitch Route Contract › S09 protected route /dashboard/configuracoes redirects unauthenticated (446ms)
  ok  60 [desktop-1440x900] › e2e\stitch.coverage.spec.ts:82:9 › Stitch Route Contract › S10 protected route /portal redirects unauthenticated (458ms)
  ok  61 [desktop-1440x900] › e2e\stitch.coverage.spec.ts:82:9 › Stitch Route Contract › S10b protected route /portal/apoio redirects unauthenticated (497ms)
  ok  62 [tablet-768x1024] › e2e\auth.spec.ts:8:7 › Auth — Public routes › login page renders with role toggle (565ms)
  ok  63 [tablet-768x1024] › e2e\auth.spec.ts:19:7 › Auth — Public routes › therapist register page renders CRP field (499ms)
  ok  64 [tablet-768x1024] › e2e\auth.spec.ts:27:7 › Auth — Public routes › patient register page renders phone field (471ms)
  ok  66 [tablet-768x1024] › e2e\auth.spec.ts:43:7 › Auth — Public routes › reset-password page renders new password form (434ms)
  ok  65 [tablet-768x1024] › e2e\auth.spec.ts:35:7 › Auth — Public routes › forgot-password page renders email action (455ms)
  ok  67 [tablet-768x1024] › e2e\auth.spec.ts:53:7 › Auth — Protected redirects › unauthenticated /dashboard redirects to /auth/login (458ms)
  -   70 [tablet-768x1024] › e2e\booking.spec.ts:20:7 › Booking — Public page › booking page loads with required elements when slug exists
  ok  69 [tablet-768x1024] › e2e\booking.spec.ts:8:7 › Booking — Public page › 404 for unknown slug (574ms)
  ok  68 [tablet-768x1024] › e2e\auth.spec.ts:58:7 › Auth — Protected redirects › unauthenticated config subroutes redirect to /auth/login (767ms)
  -   71 [tablet-768x1024] › e2e\booking.spec.ts:36:7 › Booking — Form validation › step indicator shows step 1 initially
  ok  72 [tablet-768x1024] › e2e\layout.enterprise.spec.ts:12:7 › Enterprise Layout Contract › login split layout keeps premium proportions (374ms)
  -   74 [tablet-768x1024] › e2e\layout.enterprise.spec.ts:41:7 › Enterprise Layout Contract › therapist dashboard routes render without clipping (optional auth)
  ok  73 [tablet-768x1024] › e2e\layout.enterprise.spec.ts:34:7 › Enterprise Layout Contract › public shell has no horizontal clipping (681ms)
  ok  75 [tablet-768x1024] › e2e\navigation.spec.ts:8:7 › Public Navigation › root / renders public landing (633ms)
  ok  76 [tablet-768x1024] › e2e\navigation.spec.ts:15:7 › Public Navigation › auth routes are public (688ms)
  ok  77 [tablet-768x1024] › e2e\navigation.spec.ts:30:7 › Public Navigation › pricing and secure checkout routes are public (547ms)
  ok  78 [tablet-768x1024] › e2e\navigation.spec.ts:40:7 › Public Navigation › 404 page renders for unknown routes (434ms)
  ok  79 [tablet-768x1024] › e2e\navigation.spec.ts:45:7 › Public Navigation › security headers present (410ms)
  ok  82 [tablet-768x1024] › e2e\screen-contract.spec.ts:39:9 › Screen Contract S01-S28 › S11 public route / renders without critical issues (383ms)
  ok  81 [tablet-768x1024] › e2e\screen-contract.spec.ts:39:9 › Screen Contract S01-S28 › S02 public route /booking/test-terapeuta renders without critical issues (859ms)
  ok  83 [tablet-768x1024] › e2e\screen-contract.spec.ts:39:9 › Screen Contract S01-S28 › S12 public route / renders without critical issues (392ms)
  ok  80 [tablet-768x1024] › e2e\navigation.spec.ts:54:7 › Protected Navigation › dashboard and portal routes redirect when unauthenticated (1.4s)
  ok  84 [tablet-768x1024] › e2e\screen-contract.spec.ts:39:9 › Screen Contract S01-S28 › S13 public route /pricing renders without critical issues (484ms)
  ok  85 [tablet-768x1024] › e2e\screen-contract.spec.ts:39:9 › Screen Contract S01-S28 › S14 public route /checkout/secure renders without critical issues (470ms)
  ok  86 [tablet-768x1024] › e2e\screen-contract.spec.ts:39:9 › Screen Contract S01-S28 › S15 public route /auth/login renders without critical issues (375ms)
  ok  87 [tablet-768x1024] › e2e\screen-contract.spec.ts:39:9 › Screen Contract S01-S28 › S16 public route /auth/register renders without critical issues (430ms)
  ok  88 [tablet-768x1024] › e2e\screen-contract.spec.ts:39:9 › Screen Contract S01-S28 › S17 public route /auth/register/patient renders without critical issues (441ms)
  ok  89 [tablet-768x1024] › e2e\screen-contract.spec.ts:39:9 › Screen Contract S01-S28 › S18 public route /auth/forgot-password renders without critical issues (426ms)
  ok  90 [tablet-768x1024] › e2e\screen-contract.spec.ts:39:9 › Screen Contract S01-S28 › S26 public route /booking/test-terapeuta/sucesso renders without critical issues (452ms)
  ok  91 [tablet-768x1024] › e2e\screen-contract.spec.ts:39:9 › Screen Contract S01-S28 › S28 public route /_mf00r_not_found_probe renders without critical issues (433ms)
  ok  92 [tablet-768x1024] › e2e\screen-contract.spec.ts:56:9 › Screen Contract S01-S28 › S01 protected route /dashboard redirects unauthenticated (452ms)
  ok  93 [tablet-768x1024] › e2e\screen-contract.spec.ts:56:9 › Screen Contract S01-S28 › S03 protected route /dashboard/consulta/room-stitch-check redirects unauthenticated (377ms)
  ok  94 [tablet-768x1024] › e2e\screen-contract.spec.ts:56:9 › Screen Contract S01-S28 › S04 protected route /dashboard/pacientes/11111111-1111-1111-1111-111111111111 redirects unauthenticated (452ms)
  ok  95 [tablet-768x1024] › e2e\screen-contract.spec.ts:56:9 › Screen Contract S01-S28 › S05 protected route /dashboard/ia redirects unauthenticated (438ms)
  ok  96 [tablet-768x1024] › e2e\screen-contract.spec.ts:56:9 › Screen Contract S01-S28 › S06 protected route /dashboard/financeiro redirects unauthenticated (431ms)
  ok  97 [tablet-768x1024] › e2e\screen-contract.spec.ts:56:9 › Screen Contract S01-S28 › S07 protected route /dashboard/telegram redirects unauthenticated (434ms)
  ok  98 [tablet-768x1024] › e2e\screen-contract.spec.ts:56:9 › Screen Contract S01-S28 › S08 protected route /dashboard/onboarding redirects unauthenticated (403ms)
  ok  99 [tablet-768x1024] › e2e\screen-contract.spec.ts:56:9 › Screen Contract S01-S28 › S09 protected route /dashboard/configuracoes redirects unauthenticated (382ms)
  ok 100 [tablet-768x1024] › e2e\screen-contract.spec.ts:56:9 › Screen Contract S01-S28 › S10 protected route /portal redirects unauthenticated (422ms)
  ok 101 [tablet-768x1024] › e2e\screen-contract.spec.ts:56:9 › Screen Contract S01-S28 › S19 protected route /dashboard/agenda redirects unauthenticated (442ms)
  ok 102 [tablet-768x1024] › e2e\screen-contract.spec.ts:56:9 › Screen Contract S01-S28 › S20 protected route /dashboard/pacientes redirects unauthenticated (434ms)
  ok 103 [tablet-768x1024] › e2e\screen-contract.spec.ts:56:9 › Screen Contract S01-S28 › S21 protected route /dashboard/configuracoes/perfil redirects unauthenticated (444ms)
  ok 104 [tablet-768x1024] › e2e\screen-contract.spec.ts:56:9 › Screen Contract S01-S28 › S22 protected route /dashboard/configuracoes/integracoes redirects unauthenticated (443ms)
  ok 105 [tablet-768x1024] › e2e\screen-contract.spec.ts:56:9 › Screen Contract S01-S28 › S23 protected route /portal/agendar redirects unauthenticated (458ms)
  ok 108 [tablet-768x1024] › e2e\screen-contract.spec.ts:68:7 › Screen Contract S01-S28 › S27 loading component exists in project (2ms)
  ok 106 [tablet-768x1024] › e2e\screen-contract.spec.ts:56:9 › Screen Contract S01-S28 › S24 protected route /portal/sessoes redirects unauthenticated (430ms)
  ok 107 [tablet-768x1024] › e2e\screen-contract.spec.ts:56:9 › Screen Contract S01-S28 › S25 protected route /portal/chat redirects unauthenticated (445ms)
  ok 109 [tablet-768x1024] › e2e\stitch.coverage.spec.ts:59:9 › Stitch Route Contract › S11/S12 public route / renders with micro-gates (557ms)
  ok 110 [tablet-768x1024] › e2e\stitch.coverage.spec.ts:59:9 › Stitch Route Contract › S13 public route /pricing renders with micro-gates (571ms)
  ok 111 [tablet-768x1024] › e2e\stitch.coverage.spec.ts:59:9 › Stitch Route Contract › S14 public route /checkout/secure renders with micro-gates (488ms)
  ok 113 [tablet-768x1024] › e2e\stitch.coverage.spec.ts:82:9 › Stitch Route Contract › S01 protected route /dashboard redirects unauthenticated (433ms)
  ok 114 [tablet-768x1024] › e2e\stitch.coverage.spec.ts:82:9 › Stitch Route Contract › S03 protected route /dashboard/consulta/room-stitch-check redirects unauthenticated (433ms)
  ok 112 [tablet-768x1024] › e2e\stitch.coverage.spec.ts:72:7 › Stitch Route Contract › S02 booking route responds without 5xx (863ms)
  ok 115 [tablet-768x1024] › e2e\stitch.coverage.spec.ts:82:9 › Stitch Route Contract › S04 protected route /dashboard/pacientes/11111111-1111-1111-1111-111111111111 redirects unauthenticated (436ms)
  ok 116 [tablet-768x1024] › e2e\stitch.coverage.spec.ts:82:9 › Stitch Route Contract › S05 protected route /dashboard/ia redirects unauthenticated (439ms)
  ok 117 [tablet-768x1024] › e2e\stitch.coverage.spec.ts:82:9 › Stitch Route Contract › S06 protected route /dashboard/financeiro redirects unauthenticated (445ms)
  ok 118 [tablet-768x1024] › e2e\stitch.coverage.spec.ts:82:9 › Stitch Route Contract › S07 protected route /dashboard/telegram redirects unauthenticated (461ms)
  ok 119 [tablet-768x1024] › e2e\stitch.coverage.spec.ts:82:9 › Stitch Route Contract › S08 protected route /dashboard/onboarding redirects unauthenticated (468ms)
  ok 120 [tablet-768x1024] › e2e\stitch.coverage.spec.ts:82:9 › Stitch Route Contract › S09 protected route /dashboard/configuracoes redirects unauthenticated (479ms)
  ok 121 [tablet-768x1024] › e2e\stitch.coverage.spec.ts:82:9 › Stitch Route Contract › S10 protected route /portal redirects unauthenticated (441ms)
  ok 122 [tablet-768x1024] › e2e\stitch.coverage.spec.ts:82:9 › Stitch Route Contract › S10b protected route /portal/apoio redirects unauthenticated (440ms)
  ok 123 [mobile-390x844] › e2e\auth.spec.ts:8:7 › Auth — Public routes › login page renders with role toggle (553ms)
  ok 124 [mobile-390x844] › e2e\auth.spec.ts:19:7 › Auth — Public routes › therapist register page renders CRP field (500ms)
  ok 125 [mobile-390x844] › e2e\auth.spec.ts:27:7 › Auth — Public routes › patient register page renders phone field (499ms)
  ok 126 [mobile-390x844] › e2e\auth.spec.ts:35:7 › Auth — Public routes › forgot-password page renders email action (348ms)
  ok 127 [mobile-390x844] › e2e\auth.spec.ts:43:7 › Auth — Public routes › reset-password page renders new password form (383ms)
  ok 128 [mobile-390x844] › e2e\auth.spec.ts:53:7 › Auth — Protected redirects › unauthenticated /dashboard redirects to /auth/login (410ms)
  -  131 [mobile-390x844] › e2e\booking.spec.ts:20:7 › Booking — Public page › booking page loads with required elements when slug exists
  -  132 [mobile-390x844] › e2e\booking.spec.ts:36:7 › Booking — Form validation › step indicator shows step 1 initially
  ok 130 [mobile-390x844] › e2e\booking.spec.ts:8:7 › Booking — Public page › 404 for unknown slug (527ms)
  ok 129 [mobile-390x844] › e2e\auth.spec.ts:58:7 › Auth — Protected redirects › unauthenticated config subroutes redirect to /auth/login (689ms)
  -  135 [mobile-390x844] › e2e\layout.enterprise.spec.ts:41:7 › Enterprise Layout Contract › therapist dashboard routes render without clipping (optional auth)
  ok 133 [mobile-390x844] › e2e\layout.enterprise.spec.ts:12:7 › Enterprise Layout Contract › login split layout keeps premium proportions (384ms)
  ok 134 [mobile-390x844] › e2e\layout.enterprise.spec.ts:34:7 › Enterprise Layout Contract › public shell has no horizontal clipping (481ms)
  ok 136 [mobile-390x844] › e2e\navigation.spec.ts:8:7 › Public Navigation › root / renders public landing (453ms)
  ok 138 [mobile-390x844] › e2e\navigation.spec.ts:30:7 › Public Navigation › pricing and secure checkout routes are public (474ms)
  ok 137 [mobile-390x844] › e2e\navigation.spec.ts:15:7 › Public Navigation › auth routes are public (627ms)
  ok 139 [mobile-390x844] › e2e\navigation.spec.ts:40:7 › Public Navigation › 404 page renders for unknown routes (386ms)
  ok 140 [mobile-390x844] › e2e\navigation.spec.ts:45:7 › Public Navigation › security headers present (367ms)
  ok 143 [mobile-390x844] › e2e\screen-contract.spec.ts:39:9 › Screen Contract S01-S28 › S11 public route / renders without critical issues (393ms)
  ok 142 [mobile-390x844] › e2e\screen-contract.spec.ts:39:9 › Screen Contract S01-S28 › S02 public route /booking/test-terapeuta renders without critical issues (788ms)
  ok 144 [mobile-390x844] › e2e\screen-contract.spec.ts:39:9 › Screen Contract S01-S28 › S12 public route / renders without critical issues (447ms)
  ok 141 [mobile-390x844] › e2e\navigation.spec.ts:54:7 › Protected Navigation › dashboard and portal routes redirect when unauthenticated (1.3s)
  ok 145 [mobile-390x844] › e2e\screen-contract.spec.ts:39:9 › Screen Contract S01-S28 › S13 public route /pricing renders without critical issues (424ms)
  ok 147 [mobile-390x844] › e2e\screen-contract.spec.ts:39:9 › Screen Contract S01-S28 › S15 public route /auth/login renders without critical issues (350ms)
  ok 146 [mobile-390x844] › e2e\screen-contract.spec.ts:39:9 › Screen Contract S01-S28 › S14 public route /checkout/secure renders without critical issues (389ms)
  ok 148 [mobile-390x844] › e2e\screen-contract.spec.ts:39:9 › Screen Contract S01-S28 › S16 public route /auth/register renders without critical issues (356ms)
  ok 150 [mobile-390x844] › e2e\screen-contract.spec.ts:39:9 › Screen Contract S01-S28 › S18 public route /auth/forgot-password renders without critical issues (344ms)
  ok 149 [mobile-390x844] › e2e\screen-contract.spec.ts:39:9 › Screen Contract S01-S28 › S17 public route /auth/register/patient renders without critical issues (365ms)
  ok 151 [mobile-390x844] › e2e\screen-contract.spec.ts:39:9 › Screen Contract S01-S28 › S26 public route /booking/test-terapeuta/sucesso renders without critical issues (375ms)
  ok 153 [mobile-390x844] › e2e\screen-contract.spec.ts:56:9 › Screen Contract S01-S28 › S01 protected route /dashboard redirects unauthenticated (394ms)
  ok 152 [mobile-390x844] › e2e\screen-contract.spec.ts:39:9 › Screen Contract S01-S28 › S28 public route /_mf00r_not_found_probe renders without critical issues (402ms)
  ok 154 [mobile-390x844] › e2e\screen-contract.spec.ts:56:9 › Screen Contract S01-S28 › S03 protected route /dashboard/consulta/room-stitch-check redirects unauthenticated (405ms)
  ok 155 [mobile-390x844] › e2e\screen-contract.spec.ts:56:9 › Screen Contract S01-S28 › S04 protected route /dashboard/pacientes/11111111-1111-1111-1111-111111111111 redirects unauthenticated (366ms)
  ok 156 [mobile-390x844] › e2e\screen-contract.spec.ts:56:9 › Screen Contract S01-S28 › S05 protected route /dashboard/ia redirects unauthenticated (374ms)
  ok 157 [mobile-390x844] › e2e\screen-contract.spec.ts:56:9 › Screen Contract S01-S28 › S06 protected route /dashboard/financeiro redirects unauthenticated (369ms)
  ok 158 [mobile-390x844] › e2e\screen-contract.spec.ts:56:9 › Screen Contract S01-S28 › S07 protected route /dashboard/telegram redirects unauthenticated (395ms)
  ok 159 [mobile-390x844] › e2e\screen-contract.spec.ts:56:9 › Screen Contract S01-S28 › S08 protected route /dashboard/onboarding redirects unauthenticated (393ms)
  ok 160 [mobile-390x844] › e2e\screen-contract.spec.ts:56:9 › Screen Contract S01-S28 › S09 protected route /dashboard/configuracoes redirects unauthenticated (369ms)
  ok 161 [mobile-390x844] › e2e\screen-contract.spec.ts:56:9 › Screen Contract S01-S28 › S10 protected route /portal redirects unauthenticated (391ms)
  ok 162 [mobile-390x844] › e2e\screen-contract.spec.ts:56:9 › Screen Contract S01-S28 › S19 protected route /dashboard/agenda redirects unauthenticated (388ms)
  ok 163 [mobile-390x844] › e2e\screen-contract.spec.ts:56:9 › Screen Contract S01-S28 › S20 protected route /dashboard/pacientes redirects unauthenticated (375ms)
  ok 165 [mobile-390x844] › e2e\screen-contract.spec.ts:56:9 › Screen Contract S01-S28 › S22 protected route /dashboard/configuracoes/integracoes redirects unauthenticated (387ms)
  ok 164 [mobile-390x844] › e2e\screen-contract.spec.ts:56:9 › Screen Contract S01-S28 › S21 protected route /dashboard/configuracoes/perfil redirects unauthenticated (391ms)
  ok 166 [mobile-390x844] › e2e\screen-contract.spec.ts:56:9 › Screen Contract S01-S28 › S23 protected route /portal/agendar redirects unauthenticated (382ms)
  ok 169 [mobile-390x844] › e2e\screen-contract.spec.ts:68:7 › Screen Contract S01-S28 › S27 loading component exists in project (4ms)
  ok 168 [mobile-390x844] › e2e\screen-contract.spec.ts:56:9 › Screen Contract S01-S28 › S25 protected route /portal/chat redirects unauthenticated (373ms)
  ok 167 [mobile-390x844] › e2e\screen-contract.spec.ts:56:9 › Screen Contract S01-S28 › S24 protected route /portal/sessoes redirects unauthenticated (379ms)
  ok 170 [mobile-390x844] › e2e\stitch.coverage.spec.ts:59:9 › Stitch Route Contract › S11/S12 public route / renders with micro-gates (760ms)
  ok 172 [mobile-390x844] › e2e\stitch.coverage.spec.ts:59:9 › Stitch Route Contract › S14 public route /checkout/secure renders with micro-gates (396ms)
  ok 171 [mobile-390x844] › e2e\stitch.coverage.spec.ts:59:9 › Stitch Route Contract › S13 public route /pricing renders with micro-gates (430ms)
  ok 174 [mobile-390x844] › e2e\stitch.coverage.spec.ts:82:9 › Stitch Route Contract › S01 protected route /dashboard redirects unauthenticated (402ms)
  ok 175 [mobile-390x844] › e2e\stitch.coverage.spec.ts:82:9 › Stitch Route Contract › S03 protected route /dashboard/consulta/room-stitch-check redirects unauthenticated (390ms)
  ok 173 [mobile-390x844] › e2e\stitch.coverage.spec.ts:72:7 › Stitch Route Contract › S02 booking route responds without 5xx (797ms)
  ok 177 [mobile-390x844] › e2e\stitch.coverage.spec.ts:82:9 › Stitch Route Contract › S05 protected route /dashboard/ia redirects unauthenticated (335ms)
  ok 176 [mobile-390x844] › e2e\stitch.coverage.spec.ts:82:9 › Stitch Route Contract › S04 protected route /dashboard/pacientes/11111111-1111-1111-1111-111111111111 redirects unauthenticated (373ms)
  ok 178 [mobile-390x844] › e2e\stitch.coverage.spec.ts:82:9 › Stitch Route Contract › S06 protected route /dashboard/financeiro redirects unauthenticated (399ms)
  ok 180 [mobile-390x844] › e2e\stitch.coverage.spec.ts:82:9 › Stitch Route Contract › S08 protected route /dashboard/onboarding redirects unauthenticated (394ms)
  ok 179 [mobile-390x844] › e2e\stitch.coverage.spec.ts:82:9 › Stitch Route Contract › S07 protected route /dashboard/telegram redirects unauthenticated (411ms)
  ok 182 [mobile-390x844] › e2e\stitch.coverage.spec.ts:82:9 › Stitch Route Contract › S10 protected route /portal redirects unauthenticated (370ms)
  ok 181 [mobile-390x844] › e2e\stitch.coverage.spec.ts:82:9 › Stitch Route Contract › S09 protected route /dashboard/configuracoes redirects unauthenticated (390ms)
  ok 183 [mobile-390x844] › e2e\stitch.coverage.spec.ts:82:9 › Stitch Route Contract › S10b protected route /portal/apoio redirects unauthenticated (369ms)

  9 skipped
  174 passed (36.2s)
