
Running 90 tests using 3 workers

  ok  3 [desktop-1440x900] › e2e\auth.spec.ts:28:7 › Auth — Login Page › shows register form when switching to cadastro (if available) (547ms)
  ok  1 [desktop-1440x900] › e2e\auth.spec.ts:8:7 › Auth — Login Page › shows login form with role toggle (582ms)
  ok  2 [desktop-1440x900] › e2e\auth.spec.ts:21:7 › Auth — Login Page › shows validation error for empty submission (608ms)
  -   6 [desktop-1440x900] › e2e\booking.spec.ts:21:7 › Booking — Public page › booking page loads with required elements when slug exists
  ok  4 [desktop-1440x900] › e2e\auth.spec.ts:41:7 › Auth — Login Page › unauthenticated redirect from /dashboard to /auth/login (445ms)
  -   7 [desktop-1440x900] › e2e\booking.spec.ts:37:7 › Booking — Form validation › step indicator shows step 1 initially
  ok  8 [desktop-1440x900] › e2e\layout.enterprise.spec.ts:12:7 › Enterprise Layout Contract › login split layout keeps premium proportions (492ms)
  -  10 [desktop-1440x900] › e2e\layout.enterprise.spec.ts:41:7 › Enterprise Layout Contract › therapist dashboard routes render without clipping (optional auth)
  ok  9 [desktop-1440x900] › e2e\layout.enterprise.spec.ts:34:7 › Enterprise Layout Contract › public shell has no horizontal clipping (553ms)
  ok  5 [desktop-1440x900] › e2e\booking.spec.ts:11:7 › Booking — Public page › 404 for unknown slug (1.6s)
  ok 12 [desktop-1440x900] › e2e\navigation.spec.ts:15:7 › Public Navigation › 404 page renders for unknown routes (460ms)
  ok 11 [desktop-1440x900] › e2e\navigation.spec.ts:8:7 › Public Navigation › root / renders public landing (584ms)
  ok 13 [desktop-1440x900] › e2e\navigation.spec.ts:22:7 › Public Navigation › login page is public (200) (508ms)
  ok 15 [desktop-1440x900] › e2e\navigation.spec.ts:37:7 › Public Navigation › security headers present (414ms)
  ok 14 [desktop-1440x900] › e2e\navigation.spec.ts:27:7 › Public Navigation › pricing and secure checkout routes are public (586ms)
  ok 17 [desktop-1440x900] › e2e\stitch.coverage.spec.ts:59:9 › Stitch Route Contract › S11/S12 public route / renders with micro-gates (566ms)
  ok 18 [desktop-1440x900] › e2e\stitch.coverage.spec.ts:59:9 › Stitch Route Contract › S13 public route /pricing renders with micro-gates (616ms)
  ok 16 [desktop-1440x900] › e2e\navigation.spec.ts:46:7 › Dashboard (authenticated-only) › redirects to login when unauthenticated (1.3s)
  ok 19 [desktop-1440x900] › e2e\stitch.coverage.spec.ts:59:9 › Stitch Route Contract › S14 public route /checkout/secure renders with micro-gates (458ms)
  ok 22 [desktop-1440x900] › e2e\stitch.coverage.spec.ts:82:9 › Stitch Route Contract › S03 protected route /dashboard/consulta/room-stitch-check redirects unauthenticated (494ms)
  ok 21 [desktop-1440x900] › e2e\stitch.coverage.spec.ts:82:9 › Stitch Route Contract › S01 protected route /dashboard redirects unauthenticated (531ms)
  ok 20 [desktop-1440x900] › e2e\stitch.coverage.spec.ts:72:7 › Stitch Route Contract › S02 booking route responds without 5xx (873ms)
  ok 23 [desktop-1440x900] › e2e\stitch.coverage.spec.ts:82:9 › Stitch Route Contract › S04 protected route /dashboard/pacientes/11111111-1111-1111-1111-111111111111 redirects unauthenticated (487ms)
  ok 25 [desktop-1440x900] › e2e\stitch.coverage.spec.ts:82:9 › Stitch Route Contract › S06 protected route /dashboard/financeiro redirects unauthenticated (486ms)
  ok 24 [desktop-1440x900] › e2e\stitch.coverage.spec.ts:82:9 › Stitch Route Contract › S05 protected route /dashboard/ia redirects unauthenticated (493ms)
  ok 26 [desktop-1440x900] › e2e\stitch.coverage.spec.ts:82:9 › Stitch Route Contract › S07 protected route /dashboard/telegram redirects unauthenticated (492ms)
  ok 27 [desktop-1440x900] › e2e\stitch.coverage.spec.ts:82:9 › Stitch Route Contract › S08 protected route /dashboard/onboarding redirects unauthenticated (488ms)
  ok 28 [desktop-1440x900] › e2e\stitch.coverage.spec.ts:82:9 › Stitch Route Contract › S09 protected route /dashboard/configuracoes redirects unauthenticated (506ms)
  ok 29 [desktop-1440x900] › e2e\stitch.coverage.spec.ts:82:9 › Stitch Route Contract › S10 protected route /portal redirects unauthenticated (494ms)
  ok 30 [desktop-1440x900] › e2e\stitch.coverage.spec.ts:82:9 › Stitch Route Contract › S10b protected route /portal/apoio redirects unauthenticated (492ms)
  ok 31 [tablet-768x1024] › e2e\auth.spec.ts:8:7 › Auth — Login Page › shows login form with role toggle (488ms)
  ok 34 [tablet-768x1024] › e2e\auth.spec.ts:41:7 › Auth — Login Page › unauthenticated redirect from /dashboard to /auth/login (526ms)
  ok 33 [tablet-768x1024] › e2e\auth.spec.ts:28:7 › Auth — Login Page › shows register form when switching to cadastro (if available) (520ms)
  ok 32 [tablet-768x1024] › e2e\auth.spec.ts:21:7 › Auth — Login Page › shows validation error for empty submission (600ms)
  -  36 [tablet-768x1024] › e2e\booking.spec.ts:21:7 › Booking — Public page › booking page loads with required elements when slug exists
  -  37 [tablet-768x1024] › e2e\booking.spec.ts:37:7 › Booking — Form validation › step indicator shows step 1 initially
  ok 38 [tablet-768x1024] › e2e\layout.enterprise.spec.ts:12:7 › Enterprise Layout Contract › login split layout keeps premium proportions (549ms)
  ok 35 [tablet-768x1024] › e2e\booking.spec.ts:11:7 › Booking — Public page › 404 for unknown slug (1.1s)
  ok 39 [tablet-768x1024] › e2e\layout.enterprise.spec.ts:34:7 › Enterprise Layout Contract › public shell has no horizontal clipping (696ms)
  -  40 [tablet-768x1024] › e2e\layout.enterprise.spec.ts:41:7 › Enterprise Layout Contract › therapist dashboard routes render without clipping (optional auth)
  ok 42 [tablet-768x1024] › e2e\navigation.spec.ts:15:7 › Public Navigation › 404 page renders for unknown routes (485ms)
  ok 41 [tablet-768x1024] › e2e\navigation.spec.ts:8:7 › Public Navigation › root / renders public landing (600ms)
  ok 43 [tablet-768x1024] › e2e\navigation.spec.ts:22:7 › Public Navigation › login page is public (200) (543ms)
  ok 44 [tablet-768x1024] › e2e\navigation.spec.ts:27:7 › Public Navigation › pricing and secure checkout routes are public (533ms)
  ok 45 [tablet-768x1024] › e2e\navigation.spec.ts:37:7 › Public Navigation › security headers present (497ms)
  ok 48 [tablet-768x1024] › e2e\stitch.coverage.spec.ts:59:9 › Stitch Route Contract › S13 public route /pricing renders with micro-gates (600ms)
  ok 46 [tablet-768x1024] › e2e\navigation.spec.ts:46:7 › Dashboard (authenticated-only) › redirects to login when unauthenticated (1.3s)
  ok 47 [tablet-768x1024] › e2e\stitch.coverage.spec.ts:59:9 › Stitch Route Contract › S11/S12 public route / renders with micro-gates (907ms)
  ok 49 [tablet-768x1024] › e2e\stitch.coverage.spec.ts:59:9 › Stitch Route Contract › S14 public route /checkout/secure renders with micro-gates (468ms)
  ok 51 [tablet-768x1024] › e2e\stitch.coverage.spec.ts:82:9 › Stitch Route Contract › S01 protected route /dashboard redirects unauthenticated (483ms)
  ok 52 [tablet-768x1024] › e2e\stitch.coverage.spec.ts:82:9 › Stitch Route Contract › S03 protected route /dashboard/consulta/room-stitch-check redirects unauthenticated (481ms)
  ok 50 [tablet-768x1024] › e2e\stitch.coverage.spec.ts:72:7 › Stitch Route Contract › S02 booking route responds without 5xx (865ms)
  ok 53 [tablet-768x1024] › e2e\stitch.coverage.spec.ts:82:9 › Stitch Route Contract › S04 protected route /dashboard/pacientes/11111111-1111-1111-1111-111111111111 redirects unauthenticated (466ms)
  ok 54 [tablet-768x1024] › e2e\stitch.coverage.spec.ts:82:9 › Stitch Route Contract › S05 protected route /dashboard/ia redirects unauthenticated (440ms)
  ok 55 [tablet-768x1024] › e2e\stitch.coverage.spec.ts:82:9 › Stitch Route Contract › S06 protected route /dashboard/financeiro redirects unauthenticated (456ms)
  ok 56 [tablet-768x1024] › e2e\stitch.coverage.spec.ts:82:9 › Stitch Route Contract › S07 protected route /dashboard/telegram redirects unauthenticated (457ms)
  ok 57 [tablet-768x1024] › e2e\stitch.coverage.spec.ts:82:9 › Stitch Route Contract › S08 protected route /dashboard/onboarding redirects unauthenticated (465ms)
  ok 58 [tablet-768x1024] › e2e\stitch.coverage.spec.ts:82:9 › Stitch Route Contract › S09 protected route /dashboard/configuracoes redirects unauthenticated (471ms)
  ok 59 [tablet-768x1024] › e2e\stitch.coverage.spec.ts:82:9 › Stitch Route Contract › S10 protected route /portal redirects unauthenticated (443ms)
  ok 60 [tablet-768x1024] › e2e\stitch.coverage.spec.ts:82:9 › Stitch Route Contract › S10b protected route /portal/apoio redirects unauthenticated (447ms)
  ok 61 [mobile-390x844] › e2e\auth.spec.ts:8:7 › Auth — Login Page › shows login form with role toggle (487ms)
  ok 62 [mobile-390x844] › e2e\auth.spec.ts:21:7 › Auth — Login Page › shows validation error for empty submission (492ms)
  ok 63 [mobile-390x844] › e2e\auth.spec.ts:28:7 › Auth — Login Page › shows register form when switching to cadastro (if available) (409ms)
  ok 64 [mobile-390x844] › e2e\auth.spec.ts:41:7 › Auth — Login Page › unauthenticated redirect from /dashboard to /auth/login (411ms)
  -  66 [mobile-390x844] › e2e\booking.spec.ts:21:7 › Booking — Public page › booking page loads with required elements when slug exists
  -  67 [mobile-390x844] › e2e\booking.spec.ts:37:7 › Booking — Form validation › step indicator shows step 1 initially
  ok 65 [mobile-390x844] › e2e\booking.spec.ts:11:7 › Booking — Public page › 404 for unknown slug (786ms)
  ok 68 [mobile-390x844] › e2e\layout.enterprise.spec.ts:12:7 › Enterprise Layout Contract › login split layout keeps premium proportions (454ms)
  -  70 [mobile-390x844] › e2e\layout.enterprise.spec.ts:41:7 › Enterprise Layout Contract › therapist dashboard routes render without clipping (optional auth)
  ok 69 [mobile-390x844] › e2e\layout.enterprise.spec.ts:34:7 › Enterprise Layout Contract › public shell has no horizontal clipping (809ms)
  ok 71 [mobile-390x844] › e2e\navigation.spec.ts:8:7 › Public Navigation › root / renders public landing (491ms)
  ok 72 [mobile-390x844] › e2e\navigation.spec.ts:15:7 › Public Navigation › 404 page renders for unknown routes (396ms)
  ok 73 [mobile-390x844] › e2e\navigation.spec.ts:22:7 › Public Navigation › login page is public (200) (363ms)
  ok 74 [mobile-390x844] › e2e\navigation.spec.ts:27:7 › Public Navigation › pricing and secure checkout routes are public (491ms)
  ok 75 [mobile-390x844] › e2e\navigation.spec.ts:37:7 › Public Navigation › security headers present (477ms)
  ok 77 [mobile-390x844] › e2e\stitch.coverage.spec.ts:59:9 › Stitch Route Contract › S11/S12 public route / renders with micro-gates (479ms)
  ok 78 [mobile-390x844] › e2e\stitch.coverage.spec.ts:59:9 › Stitch Route Contract › S13 public route /pricing renders with micro-gates (452ms)
  ok 76 [mobile-390x844] › e2e\navigation.spec.ts:46:7 › Dashboard (authenticated-only) › redirects to login when unauthenticated (1.1s)
  ok 79 [mobile-390x844] › e2e\stitch.coverage.spec.ts:59:9 › Stitch Route Contract › S14 public route /checkout/secure renders with micro-gates (414ms)
  ok 80 [mobile-390x844] › e2e\stitch.coverage.spec.ts:72:7 › Stitch Route Contract › S02 booking route responds without 5xx (758ms)
  ok 81 [mobile-390x844] › e2e\stitch.coverage.spec.ts:82:9 › Stitch Route Contract › S01 protected route /dashboard redirects unauthenticated (414ms)
  ok 82 [mobile-390x844] › e2e\stitch.coverage.spec.ts:82:9 › Stitch Route Contract › S03 protected route /dashboard/consulta/room-stitch-check redirects unauthenticated (417ms)
  ok 83 [mobile-390x844] › e2e\stitch.coverage.spec.ts:82:9 › Stitch Route Contract › S04 protected route /dashboard/pacientes/11111111-1111-1111-1111-111111111111 redirects unauthenticated (404ms)
  ok 84 [mobile-390x844] › e2e\stitch.coverage.spec.ts:82:9 › Stitch Route Contract › S05 protected route /dashboard/ia redirects unauthenticated (386ms)
  ok 85 [mobile-390x844] › e2e\stitch.coverage.spec.ts:82:9 › Stitch Route Contract › S06 protected route /dashboard/financeiro redirects unauthenticated (394ms)
  ok 86 [mobile-390x844] › e2e\stitch.coverage.spec.ts:82:9 › Stitch Route Contract › S07 protected route /dashboard/telegram redirects unauthenticated (427ms)
  ok 87 [mobile-390x844] › e2e\stitch.coverage.spec.ts:82:9 › Stitch Route Contract › S08 protected route /dashboard/onboarding redirects unauthenticated (423ms)
  ok 88 [mobile-390x844] › e2e\stitch.coverage.spec.ts:82:9 › Stitch Route Contract › S09 protected route /dashboard/configuracoes redirects unauthenticated (426ms)
  ok 89 [mobile-390x844] › e2e\stitch.coverage.spec.ts:82:9 › Stitch Route Contract › S10 protected route /portal redirects unauthenticated (384ms)
  ok 90 [mobile-390x844] › e2e\stitch.coverage.spec.ts:82:9 › Stitch Route Contract › S10b protected route /portal/apoio redirects unauthenticated (378ms)

  9 skipped
  81 passed (22.5s)
